<?xml version="1.0" encoding="utf-8" standalone="no"?>
<!--This file represents the results of running a test suite-->
<test-results name="D:\Development\Development\Core\Builds\Latest\Core.Test.dll" total="1287" errors="2" failures="0" not-run="36" inconclusive="0" ignored="36" skipped="0" invalid="0" date="2011-05-20" time="10:26:46">
  <environment nunit-version="2.5.10.11092" clr-version="2.0.50727.3615" os-version="Microsoft Windows NT 5.1.2600 Service Pack 3" platform="Win32NT" cwd="D:\Program Files\NUnit 2.5.10\bin\net-2.0" machine-name="AH40305400" user="Viral.Shah" user-domain="AH" />
  <culture-info current-culture="en-GB" current-uiculture="en-US" />
  <test-suite type="Assembly" name="D:\Development\Development\Core\Builds\Latest\Core.Test.dll" executed="True" result="Failure" success="False" time="109.002" asserts="0">
    <results>
      <test-suite type="Namespace" name="AvisEurope" executed="True" result="Success" success="True" time="80.486" asserts="0">
        <results>
          <test-suite type="Namespace" name="WebDev" executed="True" result="Success" success="True" time="80.486" asserts="0">
            <results>
              <test-suite type="Namespace" name="Framework" executed="True" result="Success" success="True" time="1.172" asserts="0">
                <results>
                  <test-suite type="Namespace" name="Common" executed="True" result="Success" success="True" time="0.141" asserts="0">
                    <results>
                      <test-suite type="Namespace" name="Server" executed="True" result="Success" success="True" time="0.063" asserts="0">
                        <results>
                          <test-suite type="Namespace" name="Test" executed="True" result="Success" success="True" time="0.063" asserts="0">
                            <results>
                              <test-suite type="TestFixture" name="DataPortalServerTest" executed="True" result="Success" success="True" time="0.063" asserts="0">
                                <results>
                                  <test-case name="AvisEurope.WebDev.Framework.Common.Server.Test.DataPortalServerTest.CreateAPortalInstance" executed="True" result="Success" success="True" time="0.016" asserts="1" />
                                </results>
                              </test-suite>
                            </results>
                          </test-suite>
                        </results>
                      </test-suite>
                      <test-suite type="Namespace" name="Test" executed="True" result="Success" success="True" time="0.063" asserts="0">
                        <results>
                          <test-suite type="TestFixture" name="BusinessCollectionBaseTest" executed="True" result="Success" success="True" time="0.063" asserts="0">
                            <results>
                              <test-case name="AvisEurope.WebDev.Framework.Common.Test.BusinessCollectionBaseTest.ConvertsCollectionToAnotherType" executed="True" result="Success" success="True" time="0.047" asserts="4" />
                              <test-case name="AvisEurope.WebDev.Framework.Common.Test.BusinessCollectionBaseTest.ConvertsDeletedItemsToAnotherType" executed="True" result="Success" success="True" time="0.000" asserts="4" />
                              <test-case name="AvisEurope.WebDev.Framework.Common.Test.BusinessCollectionBaseTest.ExceptionWhenDeletedMemberCannotBeConvertedToType" executed="True" result="Success" success="True" time="0.016" asserts="0" />
                              <test-case name="AvisEurope.WebDev.Framework.Common.Test.BusinessCollectionBaseTest.ExceptionWhenMemberCannotBeConvertedToType" executed="True" result="Success" success="True" time="0.000" asserts="0" />
                            </results>
                          </test-suite>
                          <test-suite type="TestFixture" name="GuidEventArgsTest" executed="True" result="Success" success="True" time="0.000" asserts="0">
                            <results>
                              <test-case name="AvisEurope.WebDev.Framework.Common.Test.GuidEventArgsTest.ValueSetByConstructor" executed="True" result="Success" success="True" time="0.000" asserts="1" />
                            </results>
                          </test-suite>
                        </results>
                      </test-suite>
                    </results>
                  </test-suite>
                  <test-suite type="Namespace" name="Windows" executed="True" result="Success" success="True" time="1.031" asserts="0">
                    <results>
                      <test-suite type="Namespace" name="Test" executed="True" result="Success" success="True" time="1.031" asserts="0">
                        <results>
                          <test-suite type="Namespace" name="Business" executed="True" result="Success" success="True" time="1.000" asserts="0">
                            <results>
                              <test-suite type="TestFixture" name="BusinessBaseCollectionWindowsTest" executed="True" result="Success" success="True" time="0.859" asserts="0">
                                <results>
                                  <test-case name="AvisEurope.WebDev.Framework.Windows.Test.Business.BusinessBaseCollectionWindowsTest.ContainsADataLoader" executed="True" result="Success" success="True" time="0.000" asserts="2" />
                                  <test-case name="AvisEurope.WebDev.Framework.Windows.Test.Business.BusinessBaseCollectionWindowsTest.ContainsADataSaver" executed="True" result="Success" success="True" time="0.000" asserts="2" />
                                  <test-case name="AvisEurope.WebDev.Framework.Windows.Test.Business.BusinessBaseCollectionWindowsTest.DataSaveCallsDataSaveOnListItems" executed="True" result="Success" success="True" time="0.656" asserts="2">
                                    <categories>
                                      <category name="Integration" />
                                    </categories>
                                  </test-case>
                                  <test-case name="AvisEurope.WebDev.Framework.Windows.Test.Business.BusinessBaseCollectionWindowsTest.DataSaveSendTransactionToListItems" executed="True" result="Success" success="True" time="0.078" asserts="1">
                                    <categories>
                                      <category name="Integration" />
                                    </categories>
                                  </test-case>
                                  <test-case name="AvisEurope.WebDev.Framework.Windows.Test.Business.BusinessBaseCollectionWindowsTest.DeletedItemsClearedBySave" executed="True" result="Success" success="True" time="0.094" asserts="1">
                                    <categories>
                                      <category name="Integration" />
                                    </categories>
                                  </test-case>
                                  <test-case name="AvisEurope.WebDev.Framework.Windows.Test.Business.BusinessBaseCollectionWindowsTest.DerivesFromBusinessBaseCollection" executed="True" result="Success" success="True" time="0.000" asserts="1" />
                                  <test-case name="AvisEurope.WebDev.Framework.Windows.Test.Business.BusinessBaseCollectionWindowsTest.ExceptionOnSaveWhenNoDataSaver" executed="True" result="Success" success="True" time="0.000" asserts="0" />
                                  <test-case name="AvisEurope.WebDev.Framework.Windows.Test.Business.BusinessBaseCollectionWindowsTest.IsSerializable" executed="True" result="Success" success="True" time="0.000" asserts="1" />
                                  <test-case name="AvisEurope.WebDev.Framework.Windows.Test.Business.BusinessBaseCollectionWindowsTest.NoDataLoadedOnNullDataLoader" executed="True" result="Success" success="True" time="0.000" asserts="1" />
                                  <test-case name="AvisEurope.WebDev.Framework.Windows.Test.Business.BusinessBaseCollectionWindowsTest.NothingLoadedIfNullDataSet" executed="True" result="Success" success="True" time="0.000" asserts="1">
                                    <categories>
                                      <category name="Integration" />
                                    </categories>
                                  </test-case>
                                  <test-case name="AvisEurope.WebDev.Framework.Windows.Test.Business.BusinessBaseCollectionWindowsTest.NothingLoadedOnNullDataLoader" executed="True" result="Success" success="True" time="0.000" asserts="1" />
                                  <test-case name="AvisEurope.WebDev.Framework.Windows.Test.Business.BusinessBaseCollectionWindowsTest.RegisterAsChildMarksAsChild" executed="True" result="Success" success="True" time="0.000" asserts="1" />
                                  <test-case name="AvisEurope.WebDev.Framework.Windows.Test.Business.BusinessBaseCollectionWindowsTest.RegisterAsChildSetsParent" executed="True" result="Success" success="True" time="0.000" asserts="1" />
                                  <test-case name="AvisEurope.WebDev.Framework.Windows.Test.Business.BusinessBaseCollectionWindowsTest.SaveCallsDataSaveOnDeletedItems" executed="True" result="Success" success="True" time="0.000" asserts="2">
                                    <categories>
                                      <category name="Integration" />
                                    </categories>
                                  </test-case>
                                  <test-case name="AvisEurope.WebDev.Framework.Windows.Test.Business.BusinessBaseCollectionWindowsTest.SaveCallsDataSaveOnListItems" executed="True" result="Success" success="True" time="0.000" asserts="2">
                                    <categories>
                                      <category name="Integration" />
                                    </categories>
                                  </test-case>
                                  <test-case name="AvisEurope.WebDev.Framework.Windows.Test.Business.BusinessBaseCollectionWindowsTest.SaveCommittedCalledOnListItemsBySave" executed="True" result="Success" success="True" time="0.000" asserts="2">
                                    <categories>
                                      <category name="Integration" />
                                    </categories>
                                  </test-case>
                                  <test-case name="AvisEurope.WebDev.Framework.Windows.Test.Business.BusinessBaseCollectionWindowsTest.SaveInitiatesATransaction" executed="True" result="Success" success="True" time="0.000" asserts="1">
                                    <categories>
                                      <category name="Integration" />
                                    </categories>
                                  </test-case>
                                  <test-case name="AvisEurope.WebDev.Framework.Windows.Test.Business.BusinessBaseCollectionWindowsTest.SavePassesTransactionToDeleteItems" executed="True" result="Success" success="True" time="0.000" asserts="1">
                                    <categories>
                                      <category name="Integration" />
                                    </categories>
                                  </test-case>
                                  <test-case name="AvisEurope.WebDev.Framework.Windows.Test.Business.BusinessBaseCollectionWindowsTest.SavePassesTransactionToListItems" executed="True" result="Success" success="True" time="0.000" asserts="1">
                                    <categories>
                                      <category name="Integration" />
                                    </categories>
                                  </test-case>
                                  <test-case name="AvisEurope.WebDev.Framework.Windows.Test.Business.BusinessBaseCollectionWindowsTest.StaticCreateCreatesInstance" executed="True" result="Success" success="True" time="0.000" asserts="1" />
                                  <test-case name="AvisEurope.WebDev.Framework.Windows.Test.Business.BusinessBaseCollectionWindowsTest.StaticCreatesInstanceUsingFactory" executed="True" result="Success" success="True" time="0.000" asserts="1" />
                                  <test-case name="AvisEurope.WebDev.Framework.Windows.Test.Business.BusinessBaseCollectionWindowsTest.SupportsIBusinessEntity" executed="True" result="Success" success="True" time="0.000" asserts="1" />
                                </results>
                              </test-suite>
                              <test-suite type="TestFixture" name="BusinessBaseWindowsChildrenTest" executed="True" result="Success" success="True" time="0.016" asserts="0">
                                <results>
                                  <test-case name="AvisEurope.WebDev.Framework.Windows.Test.Business.BusinessBaseWindowsChildrenTest.ContainsAChildEntityController" executed="True" result="Success" success="True" time="0.000" asserts="1" />
                                  <test-case name="AvisEurope.WebDev.Framework.Windows.Test.Business.BusinessBaseWindowsChildrenTest.IsDirtyWhenChildIsDirty" executed="True" result="Success" success="True" time="0.000" asserts="1" />
                                  <test-case name="AvisEurope.WebDev.Framework.Windows.Test.Business.BusinessBaseWindowsChildrenTest.IsValidWhenChildIsValid" executed="True" result="Success" success="True" time="0.000" asserts="1" />
                                  <test-case name="AvisEurope.WebDev.Framework.Windows.Test.Business.BusinessBaseWindowsChildrenTest.LoadPassesReaderToDescendants" executed="True" result="Success" success="True" time="0.000" asserts="2">
                                    <categories>
                                      <category name="Integration" />
                                    </categories>
                                  </test-case>
                                  <test-case name="AvisEurope.WebDev.Framework.Windows.Test.Business.BusinessBaseWindowsChildrenTest.MarksAsChildWhenRegisteredAsChild" executed="True" result="Success" success="True" time="0.000" asserts="1" />
                                  <test-case name="AvisEurope.WebDev.Framework.Windows.Test.Business.BusinessBaseWindowsChildrenTest.SaveCommittedCallsSaveComittedOnDescendants" executed="True" result="Success" success="True" time="0.000" asserts="2" />
                                  <test-case name="AvisEurope.WebDev.Framework.Windows.Test.Business.BusinessBaseWindowsChildrenTest.SaveInitiatesATransaction" executed="True" result="Success" success="True" time="0.016" asserts="1">
                                    <categories>
                                      <category name="Integration" />
                                    </categories>
                                  </test-case>
                                  <test-case name="AvisEurope.WebDev.Framework.Windows.Test.Business.BusinessBaseWindowsChildrenTest.SavePassesTransactionToDescendants" executed="True" result="Success" success="True" time="0.000" asserts="2">
                                    <categories>
                                      <category name="Integration" />
                                    </categories>
                                  </test-case>
                                  <test-case name="AvisEurope.WebDev.Framework.Windows.Test.Business.BusinessBaseWindowsChildrenTest.StoresParentWhenRegisteredAsChild" executed="True" result="Success" success="True" time="0.000" asserts="1" />
                                  <test-case name="AvisEurope.WebDev.Framework.Windows.Test.Business.BusinessBaseWindowsChildrenTest.SupportsIBusinessEntity" executed="True" result="Success" success="True" time="0.000" asserts="1" />
                                </results>
                              </test-suite>
                              <test-suite type="TestFixture" name="BusinessBaseWindowsTest" executed="True" result="Success" success="True" time="0.047" asserts="0">
                                <results>
                                  <test-case name="AvisEurope.WebDev.Framework.Windows.Test.Business.BusinessBaseWindowsTest.CallToHydrateInstancePassesSubjectAsInstance" executed="True" result="Success" success="True" time="0.000" asserts="1" />
                                  <test-case name="AvisEurope.WebDev.Framework.Windows.Test.Business.BusinessBaseWindowsTest.ContainsDataLoader" executed="True" result="Success" success="True" time="0.000" asserts="2" />
                                  <test-case name="AvisEurope.WebDev.Framework.Windows.Test.Business.BusinessBaseWindowsTest.DataLoadCallsDataLoaderHydrate" executed="True" result="Success" success="True" time="0.000" asserts="1" />
                                  <test-case name="AvisEurope.WebDev.Framework.Windows.Test.Business.BusinessBaseWindowsTest.DataLoadMarksAsOld" executed="True" result="Success" success="True" time="0.000" asserts="1" />
                                  <test-case name="AvisEurope.WebDev.Framework.Windows.Test.Business.BusinessBaseWindowsTest.DataPortalFetchSetsIsDirty" executed="True" result="Success" success="True" time="0.000" asserts="1" />
                                  <test-case name="AvisEurope.WebDev.Framework.Windows.Test.Business.BusinessBaseWindowsTest.DataSaveCalledWhenNoDataSaver" executed="True" result="Success" success="True" time="0.000" asserts="1" />
                                  <test-case name="AvisEurope.WebDev.Framework.Windows.Test.Business.BusinessBaseWindowsTest.DeleteWhenDeleted" executed="True" result="Success" success="True" time="0.000" asserts="1">
                                    <categories>
                                      <category name="Integration" />
                                    </categories>
                                  </test-case>
                                  <test-case name="AvisEurope.WebDev.Framework.Windows.Test.Business.BusinessBaseWindowsTest.ExceptionOnDataPortalUpdateWhenNotTransactional" executed="True" result="Success" success="True" time="0.000" asserts="0" />
                                  <test-case name="AvisEurope.WebDev.Framework.Windows.Test.Business.BusinessBaseWindowsTest.InsertsWhenNew" executed="True" result="Success" success="True" time="0.000" asserts="1">
                                    <categories>
                                      <category name="Integration" />
                                    </categories>
                                  </test-case>
                                  <test-case name="AvisEurope.WebDev.Framework.Windows.Test.Business.BusinessBaseWindowsTest.IsNotTransactionalWhenSaverNotTransactional" executed="True" result="Success" success="True" time="0.000" asserts="1" />
                                  <test-case name="AvisEurope.WebDev.Framework.Windows.Test.Business.BusinessBaseWindowsTest.IsSaveableWhenDataSaverAssigned" executed="True" result="Success" success="True" time="0.000" asserts="1" />
                                  <test-case name="AvisEurope.WebDev.Framework.Windows.Test.Business.BusinessBaseWindowsTest.IsSerializable" executed="True" result="Success" success="True" time="0.000" asserts="1" />
                                  <test-case name="AvisEurope.WebDev.Framework.Windows.Test.Business.BusinessBaseWindowsTest.IsTransactionalFalseWhenNoSaver" executed="True" result="Success" success="True" time="0.000" asserts="1" />
                                  <test-case name="AvisEurope.WebDev.Framework.Windows.Test.Business.BusinessBaseWindowsTest.IsTransactionalWhenSaverIsTransactional" executed="True" result="Success" success="True" time="0.000" asserts="1" />
                                  <test-case name="AvisEurope.WebDev.Framework.Windows.Test.Business.BusinessBaseWindowsTest.LoadCallsDataLoaderHydrateInstance" executed="True" result="Success" success="True" time="0.000" asserts="1" />
                                  <test-case name="AvisEurope.WebDev.Framework.Windows.Test.Business.BusinessBaseWindowsTest.NoDataOnDataLoaderWhenNoLoader" executed="True" result="Success" success="True" time="0.000" asserts="1" />
                                  <test-case name="AvisEurope.WebDev.Framework.Windows.Test.Business.BusinessBaseWindowsTest.NoInsertsWhenNewAndDeleted" executed="True" result="Success" success="True" time="0.000" asserts="1">
                                    <categories>
                                      <category name="Integration" />
                                    </categories>
                                  </test-case>
                                  <test-case name="AvisEurope.WebDev.Framework.Windows.Test.Business.BusinessBaseWindowsTest.NoSaveWhenClean" executed="True" result="Success" success="True" time="0.000" asserts="1">
                                    <categories>
                                      <category name="Integration" />
                                    </categories>
                                  </test-case>
                                  <test-case name="AvisEurope.WebDev.Framework.Windows.Test.Business.BusinessBaseWindowsTest.NotIsSaveableWhenNoDataSaver" executed="True" result="Success" success="True" time="0.016" asserts="1" />
                                  <test-case name="AvisEurope.WebDev.Framework.Windows.Test.Business.BusinessBaseWindowsTest.SaveCommittedSetsIsDirtyFlag" executed="True" result="Success" success="True" time="0.000" asserts="1" />
                                  <test-case name="AvisEurope.WebDev.Framework.Windows.Test.Business.BusinessBaseWindowsTest.StaticCreateCreatesInstance" executed="True" result="Success" success="True" time="0.000" asserts="1" />
                                  <test-case name="AvisEurope.WebDev.Framework.Windows.Test.Business.BusinessBaseWindowsTest.StaticCreateCreatesInstanceUsingFactory" executed="True" result="Success" success="True" time="0.000" asserts="1" />
                                  <test-case name="AvisEurope.WebDev.Framework.Windows.Test.Business.BusinessBaseWindowsTest.ThrowExceptionOnSaveIfNotSaveable" executed="True" result="Success" success="True" time="0.000" asserts="0" />
                                  <test-case name="AvisEurope.WebDev.Framework.Windows.Test.Business.BusinessBaseWindowsTest.UpdateWhenDirty" executed="True" result="Success" success="True" time="0.000" asserts="1">
                                    <categories>
                                      <category name="Integration" />
                                    </categories>
                                  </test-case>
                                </results>
                              </test-suite>
                              <test-suite type="TestFixture" name="ChildEntityControllerTest" executed="True" result="Success" success="True" time="0.031" asserts="0">
                                <results>
                                  <test-case name="AvisEurope.WebDev.Framework.Windows.Test.Business.ChildEntityControllerTest.DeterminesIfAnEntityIsRegistered" executed="True" result="Success" success="True" time="0.000" asserts="1" />
                                  <test-case name="AvisEurope.WebDev.Framework.Windows.Test.Business.ChildEntityControllerTest.DeterminesIfAnEntityIsUnregistered" executed="True" result="Success" success="True" time="0.000" asserts="1" />
                                  <test-case name="AvisEurope.WebDev.Framework.Windows.Test.Business.ChildEntityControllerTest.ExceptionIfNullRegistered" executed="True" result="Success" success="True" time="0.000" asserts="0" />
                                  <test-case name="AvisEurope.WebDev.Framework.Windows.Test.Business.ChildEntityControllerTest.ExceptionIfNullUnregistered" executed="True" result="Success" success="True" time="0.000" asserts="0" />
                                  <test-case name="AvisEurope.WebDev.Framework.Windows.Test.Business.ChildEntityControllerTest.ExceptionIfUnregisteredNotPreviouslyRegistered" executed="True" result="Success" success="True" time="0.016" asserts="0" />
                                  <test-case name="AvisEurope.WebDev.Framework.Windows.Test.Business.ChildEntityControllerTest.ExceptionInConstructorIfNullParent" executed="True" result="Success" success="True" time="0.000" asserts="0" />
                                  <test-case name="AvisEurope.WebDev.Framework.Windows.Test.Business.ChildEntityControllerTest.InformsEntityOfRegistration" executed="True" result="Success" success="True" time="0.000" asserts="1" />
                                  <test-case name="AvisEurope.WebDev.Framework.Windows.Test.Business.ChildEntityControllerTest.IsDirtyWhenAnyChildIsDirty" executed="True" result="Success" success="True" time="0.000" asserts="1" />
                                  <test-case name="AvisEurope.WebDev.Framework.Windows.Test.Business.ChildEntityControllerTest.IsEnumerable" executed="True" result="Success" success="True" time="0.000" asserts="1" />
                                  <test-case name="AvisEurope.WebDev.Framework.Windows.Test.Business.ChildEntityControllerTest.IsNotDirtyWhenNoChildren" executed="True" result="Success" success="True" time="0.000" asserts="1" />
                                  <test-case name="AvisEurope.WebDev.Framework.Windows.Test.Business.ChildEntityControllerTest.IsNotDirtyWhenNoChildrenDirty" executed="True" result="Success" success="True" time="0.000" asserts="1" />
                                  <test-case name="AvisEurope.WebDev.Framework.Windows.Test.Business.ChildEntityControllerTest.IsSerializable" executed="True" result="Success" success="True" time="0.000" asserts="1" />
                                  <test-case name="AvisEurope.WebDev.Framework.Windows.Test.Business.ChildEntityControllerTest.IsValidWhenAllValid" executed="True" result="Success" success="True" time="0.000" asserts="1" />
                                  <test-case name="AvisEurope.WebDev.Framework.Windows.Test.Business.ChildEntityControllerTest.IsValidWhenNoChildren" executed="True" result="Success" success="True" time="0.000" asserts="1" />
                                  <test-case name="AvisEurope.WebDev.Framework.Windows.Test.Business.ChildEntityControllerTest.NotValidWhenAnyIsInvalid" executed="True" result="Success" success="True" time="0.000" asserts="1" />
                                  <test-case name="AvisEurope.WebDev.Framework.Windows.Test.Business.ChildEntityControllerTest.ParentPropertySetInConstructor" executed="True" result="Success" success="True" time="0.000" asserts="1" />
                                  <test-case name="AvisEurope.WebDev.Framework.Windows.Test.Business.ChildEntityControllerTest.RegistersChildren" executed="True" result="Success" success="True" time="0.000" asserts="2" />
                                  <test-case name="AvisEurope.WebDev.Framework.Windows.Test.Business.ChildEntityControllerTest.ReturnsAGenericEnumerator" executed="True" result="Success" success="True" time="0.000" asserts="1" />
                                  <test-case name="AvisEurope.WebDev.Framework.Windows.Test.Business.ChildEntityControllerTest.ReturnsAnEnumerator" executed="True" result="Success" success="True" time="0.000" asserts="1" />
                                  <test-case name="AvisEurope.WebDev.Framework.Windows.Test.Business.ChildEntityControllerTest.SaveCommittedCallsSaveCommittedFollowingSave" executed="True" result="Success" success="True" time="0.000" asserts="1" />
                                  <test-case name="AvisEurope.WebDev.Framework.Windows.Test.Business.ChildEntityControllerTest.SavePassesTransactionToRegistered" executed="True" result="Success" success="True" time="0.016" asserts="1">
                                    <categories>
                                      <category name="Integration" />
                                    </categories>
                                  </test-case>
                                  <test-case name="AvisEurope.WebDev.Framework.Windows.Test.Business.ChildEntityControllerTest.UnregistersAll" executed="True" result="Success" success="True" time="0.000" asserts="1" />
                                  <test-case name="AvisEurope.WebDev.Framework.Windows.Test.Business.ChildEntityControllerTest.UnregistersChildren" executed="True" result="Success" success="True" time="0.000" asserts="2" />
                                </results>
                              </test-suite>
                            </results>
                          </test-suite>
                          <test-suite type="Namespace" name="Data" executed="True" result="Success" success="True" time="0.016" asserts="0">
                            <results>
                              <test-suite type="TestFixture" name="DataLoaderCriteriaTest" executed="True" result="Success" success="True" time="0.016" asserts="0">
                                <results>
                                  <test-case name="AvisEurope.WebDev.Framework.Windows.Test.Data.DataLoaderCriteriaTest.ContainsDataLoader" executed="True" result="Success" success="True" time="0.000" asserts="1" />
                                </results>
                              </test-suite>
                            </results>
                          </test-suite>
                          <test-suite type="Namespace" name="Mocks" executed="True" result="Success" success="True" time="0.000" asserts="0">
                            <results>
                              <test-suite type="TestFixture" name="BusinessFactorySurrogateTest" executed="True" result="Success" success="True" time="0.000" asserts="0">
                                <results>
                                  <test-case name="AvisEurope.WebDev.Framework.Windows.Test.Mocks.BusinessFactorySurrogateTest.DataPortalCallsCreateOnFactory" executed="True" result="Success" success="True" time="0.000" asserts="1" />
                                  <test-case name="AvisEurope.WebDev.Framework.Windows.Test.Mocks.BusinessFactorySurrogateTest.DataPortalCompliant" executed="True" result="Success" success="True" time="0.000" asserts="1" />
                                  <test-case name="AvisEurope.WebDev.Framework.Windows.Test.Mocks.BusinessFactorySurrogateTest.ExceptionIfFactoryIsNotSerializable" executed="True" result="Success" success="True" time="0.000" asserts="0" />
                                  <test-case name="AvisEurope.WebDev.Framework.Windows.Test.Mocks.BusinessFactorySurrogateTest.ExceptionIfFactoryIsNull" executed="True" result="Success" success="True" time="0.000" asserts="0" />
                                  <test-case name="AvisEurope.WebDev.Framework.Windows.Test.Mocks.BusinessFactorySurrogateTest.ReturnsObjectCreatedByDataPortal" executed="True" result="Success" success="True" time="0.000" asserts="1" />
                                </results>
                              </test-suite>
                            </results>
                          </test-suite>
                        </results>
                      </test-suite>
                    </results>
                  </test-suite>
                </results>
              </test-suite>
              <test-suite type="Namespace" name="Heracles" executed="True" result="Success" success="True" time="79.267" asserts="0">
                <results>
                  <test-suite type="Namespace" name="BusinessObjects" executed="True" result="Success" success="True" time="64.173" asserts="0">
                    <results>
                      <test-suite type="SetUpFixture" name="Test" executed="True" result="Success" success="True" time="0.188" asserts="0">
                        <results>
                          <test-suite type="TestFixture" name="DomainNameCollectionTest" executed="True" result="Success" success="True" time="0.188" asserts="0">
                            <results>
                              <test-case name="AvisEurope.WebDev.Heracles.BusinessObjects.Test.DomainNameCollectionTest.GetAllReturnsACollection" executed="True" result="Success" success="True" time="0.188" asserts="1">
                                <categories>
                                  <category name="Integration" />
                                </categories>
                              </test-case>
                            </results>
                          </test-suite>
                        </results>
                      </test-suite>
                      <test-suite type="Namespace" name="Windows" executed="True" result="Success" success="True" time="63.985" asserts="0">
                        <results>
                          <test-suite type="Namespace" name="Test" executed="True" result="Success" success="True" time="63.985" asserts="0">
                            <results>
                              <test-suite type="Namespace" name="Adverts" executed="True" result="Success" success="True" time="1.203" asserts="0">
                                <results>
                                  <test-suite type="TestFixture" name="AdvertDataTransformerTest" executed="True" result="Success" success="True" time="0.344" asserts="0">
                                    <results>
                                      <test-case name="AvisEurope.WebDev.Heracles.BusinessObjects.Windows.Test.Adverts.AdvertDataTransformerTest.ContainsAdvertIdCriteria" executed="True" result="Success" success="True" time="0.000" asserts="2">
                                        <categories>
                                          <category name="Integration" />
                                        </categories>
                                      </test-case>
                                      <test-case name="AvisEurope.WebDev.Heracles.BusinessObjects.Windows.Test.Adverts.AdvertDataTransformerTest.ContainsLanguageIdCriteria" executed="True" result="Success" success="True" time="0.000" asserts="2">
                                        <categories>
                                          <category name="Integration" />
                                        </categories>
                                      </test-case>
                                      <test-case name="AvisEurope.WebDev.Heracles.BusinessObjects.Windows.Test.Adverts.AdvertDataTransformerTest.DeletesAnAdvert" executed="True" result="Success" success="True" time="0.031" asserts="3">
                                        <categories>
                                          <category name="Integration" />
                                        </categories>
                                      </test-case>
                                      <test-case name="AvisEurope.WebDev.Heracles.BusinessObjects.Windows.Test.Adverts.AdvertDataTransformerTest.ExceptionIfTransactionNullToDelete" executed="True" result="Success" success="True" time="0.016" asserts="0">
                                        <categories>
                                          <category name="Integration" />
                                        </categories>
                                      </test-case>
                                      <test-case name="AvisEurope.WebDev.Heracles.BusinessObjects.Windows.Test.Adverts.AdvertDataTransformerTest.ExceptionIfTransactionNullToInsert" executed="True" result="Success" success="True" time="0.000" asserts="0">
                                        <categories>
                                          <category name="Integration" />
                                        </categories>
                                      </test-case>
                                      <test-case name="AvisEurope.WebDev.Heracles.BusinessObjects.Windows.Test.Adverts.AdvertDataTransformerTest.ExceptionIfTransactionNullToUpdate" executed="True" result="Success" success="True" time="0.000" asserts="0">
                                        <categories>
                                          <category name="Integration" />
                                        </categories>
                                      </test-case>
                                      <test-case name="AvisEurope.WebDev.Heracles.BusinessObjects.Windows.Test.Adverts.AdvertDataTransformerTest.ExceptionOnHydrateWhenDataIsNull" executed="True" result="Success" success="True" time="0.000" asserts="0">
                                        <categories>
                                          <category name="Integration" />
                                        </categories>
                                      </test-case>
                                      <test-case name="AvisEurope.WebDev.Heracles.BusinessObjects.Windows.Test.Adverts.AdvertDataTransformerTest.ExceptionOnHydrateWhenInstanceIsNotAdvert" executed="True" result="Success" success="True" time="0.000" asserts="0">
                                        <categories>
                                          <category name="Integration" />
                                        </categories>
                                      </test-case>
                                      <test-case name="AvisEurope.WebDev.Heracles.BusinessObjects.Windows.Test.Adverts.AdvertDataTransformerTest.ExceptionOnHydrateWhenInstanceIsNull" executed="True" result="Success" success="True" time="0.000" asserts="0">
                                        <categories>
                                          <category name="Integration" />
                                        </categories>
                                      </test-case>
                                      <test-case name="AvisEurope.WebDev.Heracles.BusinessObjects.Windows.Test.Adverts.AdvertDataTransformerTest.ExceptionOnHydrateWhenNoData" executed="True" result="Success" success="True" time="0.016" asserts="0">
                                        <categories>
                                          <category name="Integration" />
                                        </categories>
                                      </test-case>
                                      <test-case name="AvisEurope.WebDev.Heracles.BusinessObjects.Windows.Test.Adverts.AdvertDataTransformerTest.ExceptionOnHydrateWhenNoDataAvailable" executed="True" result="Success" success="True" time="0.188" asserts="0">
                                        <categories>
                                          <category name="Integration" />
                                        </categories>
                                      </test-case>
                                      <test-case name="AvisEurope.WebDev.Heracles.BusinessObjects.Windows.Test.Adverts.AdvertDataTransformerTest.FetchesDataForAdvertId" executed="True" result="Success" success="True" time="0.000" asserts="1">
                                        <categories>
                                          <category name="Integration" />
                                        </categories>
                                      </test-case>
                                      <test-case name="AvisEurope.WebDev.Heracles.BusinessObjects.Windows.Test.Adverts.AdvertDataTransformerTest.FetchReturnsThreeDataSets" executed="True" result="Success" success="True" time="0.000" asserts="1">
                                        <categories>
                                          <category name="Integration" />
                                        </categories>
                                      </test-case>
                                      <test-case name="AvisEurope.WebDev.Heracles.BusinessObjects.Windows.Test.Adverts.AdvertDataTransformerTest.InsertsAnAdvert" executed="True" result="Success" success="True" time="0.000" asserts="3">
                                        <categories>
                                          <category name="Integration" />
                                        </categories>
                                      </test-case>
                                      <test-case name="AvisEurope.WebDev.Heracles.BusinessObjects.Windows.Test.Adverts.AdvertDataTransformerTest.IsSerializable" executed="True" result="Success" success="True" time="0.000" asserts="1">
                                        <categories>
                                          <category name="Integration" />
                                        </categories>
                                      </test-case>
                                      <test-case name="AvisEurope.WebDev.Heracles.BusinessObjects.Windows.Test.Adverts.AdvertDataTransformerTest.NoMoreDataAfterPopulation" executed="True" result="Success" success="True" time="0.000" asserts="1">
                                        <categories>
                                          <category name="Integration" />
                                        </categories>
                                      </test-case>
                                      <test-case name="AvisEurope.WebDev.Heracles.BusinessObjects.Windows.Test.Adverts.AdvertDataTransformerTest.PopulateEndDate" executed="True" result="Success" success="True" time="0.016" asserts="1">
                                        <categories>
                                          <category name="Integration" />
                                        </categories>
                                      </test-case>
                                      <test-case name="AvisEurope.WebDev.Heracles.BusinessObjects.Windows.Test.Adverts.AdvertDataTransformerTest.PopulatesAdvertGuid" executed="True" result="Success" success="True" time="0.000" asserts="1">
                                        <categories>
                                          <category name="Integration" />
                                        </categories>
                                      </test-case>
                                      <test-case name="AvisEurope.WebDev.Heracles.BusinessObjects.Windows.Test.Adverts.AdvertDataTransformerTest.PopulatesAdvertId" executed="True" result="Success" success="True" time="0.000" asserts="1">
                                        <categories>
                                          <category name="Integration" />
                                        </categories>
                                      </test-case>
                                      <test-case name="AvisEurope.WebDev.Heracles.BusinessObjects.Windows.Test.Adverts.AdvertDataTransformerTest.PopulatesAdvertTypeId" executed="True" result="Success" success="True" time="0.000" asserts="1">
                                        <categories>
                                          <category name="Integration" />
                                        </categories>
                                      </test-case>
                                      <test-case name="AvisEurope.WebDev.Heracles.BusinessObjects.Windows.Test.Adverts.AdvertDataTransformerTest.PopulatesDomainGuid" executed="True" result="Success" success="True" time="0.000" asserts="1">
                                        <categories>
                                          <category name="Integration" />
                                        </categories>
                                      </test-case>
                                      <test-case name="AvisEurope.WebDev.Heracles.BusinessObjects.Windows.Test.Adverts.AdvertDataTransformerTest.PopulatesRank" executed="True" result="Success" success="True" time="0.016" asserts="1">
                                        <categories>
                                          <category name="Integration" />
                                        </categories>
                                      </test-case>
                                      <test-case name="AvisEurope.WebDev.Heracles.BusinessObjects.Windows.Test.Adverts.AdvertDataTransformerTest.PopulatesStartDate" executed="True" result="Success" success="True" time="0.000" asserts="1">
                                        <categories>
                                          <category name="Integration" />
                                        </categories>
                                      </test-case>
                                      <test-case name="AvisEurope.WebDev.Heracles.BusinessObjects.Windows.Test.Adverts.AdvertDataTransformerTest.PopulatesWinNode" executed="True" result="Success" success="True" time="0.000" asserts="1">
                                        <categories>
                                          <category name="Integration" />
                                        </categories>
                                      </test-case>
                                      <test-case name="AvisEurope.WebDev.Heracles.BusinessObjects.Windows.Test.Adverts.AdvertDataTransformerTest.SecondDataSetIsNamed" executed="True" result="Success" success="True" time="0.000" asserts="1">
                                        <categories>
                                          <category name="Integration" />
                                        </categories>
                                      </test-case>
                                      <test-case name="AvisEurope.WebDev.Heracles.BusinessObjects.Windows.Test.Adverts.AdvertDataTransformerTest.StartsATransactionOnMerchandising" executed="False" result="Ignored">
                                        <categories>
                                          <category name="Integration" />
                                        </categories>
                                        <reason>
                                          <message><![CDATA[]]></message>
                                        </reason>
                                      </test-case>
                                      <test-case name="AvisEurope.WebDev.Heracles.BusinessObjects.Windows.Test.Adverts.AdvertDataTransformerTest.SupportsIDataLoader" executed="True" result="Success" success="True" time="0.000" asserts="1">
                                        <categories>
                                          <category name="Integration" />
                                        </categories>
                                      </test-case>
                                      <test-case name="AvisEurope.WebDev.Heracles.BusinessObjects.Windows.Test.Adverts.AdvertDataTransformerTest.SupportsITransactionalDataSaver" executed="True" result="Success" success="True" time="0.000" asserts="1">
                                        <categories>
                                          <category name="Integration" />
                                        </categories>
                                      </test-case>
                                      <test-case name="AvisEurope.WebDev.Heracles.BusinessObjects.Windows.Test.Adverts.AdvertDataTransformerTest.UpdatesAnAdvert" executed="True" result="Success" success="True" time="0.000" asserts="3">
                                        <categories>
                                          <category name="Integration" />
                                        </categories>
                                      </test-case>
                                    </results>
                                  </test-suite>
                                  <test-suite type="TestFixture" name="AdvertFactoryTest" executed="True" result="Success" success="True" time="0.094" asserts="0">
                                    <results>
                                      <test-case name="AvisEurope.WebDev.Heracles.BusinessObjects.Windows.Test.Adverts.AdvertFactoryTest.CreateReturnsAnAdvert" executed="True" result="Success" success="True" time="0.031" asserts="1">
                                        <categories>
                                          <category name="Integration" />
                                        </categories>
                                      </test-case>
                                      <test-case name="AvisEurope.WebDev.Heracles.BusinessObjects.Windows.Test.Adverts.AdvertFactoryTest.IsSerializable" executed="True" result="Success" success="True" time="0.000" asserts="1">
                                        <categories>
                                          <category name="Integration" />
                                        </categories>
                                      </test-case>
                                      <test-case name="AvisEurope.WebDev.Heracles.BusinessObjects.Windows.Test.Adverts.AdvertFactoryTest.PopulatesAdvertImage" executed="True" result="Success" success="True" time="0.016" asserts="1">
                                        <categories>
                                          <category name="Integration" />
                                        </categories>
                                      </test-case>
                                      <test-case name="AvisEurope.WebDev.Heracles.BusinessObjects.Windows.Test.Adverts.AdvertFactoryTest.PopulatesAdvertText" executed="True" result="Success" success="True" time="0.000" asserts="1">
                                        <categories>
                                          <category name="Integration" />
                                        </categories>
                                      </test-case>
                                      <test-case name="AvisEurope.WebDev.Heracles.BusinessObjects.Windows.Test.Adverts.AdvertFactoryTest.PopulatesAdvertWithData" executed="True" result="Success" success="True" time="0.031" asserts="1">
                                        <categories>
                                          <category name="Integration" />
                                        </categories>
                                      </test-case>
                                      <test-case name="AvisEurope.WebDev.Heracles.BusinessObjects.Windows.Test.Adverts.AdvertFactoryTest.PopulatesDataSaverAndDataLoaderAsSameInstance" executed="True" result="Success" success="True" time="0.000" asserts="1">
                                        <categories>
                                          <category name="Integration" />
                                        </categories>
                                      </test-case>
                                      <test-case name="AvisEurope.WebDev.Heracles.BusinessObjects.Windows.Test.Adverts.AdvertFactoryTest.PopulatesNavigations" executed="True" result="Success" success="True" time="0.000" asserts="1">
                                        <categories>
                                          <category name="Integration" />
                                        </categories>
                                      </test-case>
                                      <test-case name="AvisEurope.WebDev.Heracles.BusinessObjects.Windows.Test.Adverts.AdvertFactoryTest.SupportsIBusinessFactory" executed="True" result="Success" success="True" time="0.000" asserts="1">
                                        <categories>
                                          <category name="Integration" />
                                        </categories>
                                      </test-case>
                                    </results>
                                  </test-suite>
                                  <test-suite type="TestFixture" name="AdvertImageDataTransformerTest" executed="True" result="Success" success="True" time="0.109" asserts="0">
                                    <results>
                                      <test-case name="AvisEurope.WebDev.Heracles.BusinessObjects.Windows.Test.Adverts.AdvertImageDataTransformerTest.ContainsData" executed="True" result="Success" success="True" time="0.016" asserts="2">
                                        <categories>
                                          <category name="Integration" />
                                        </categories>
                                      </test-case>
                                      <test-case name="AvisEurope.WebDev.Heracles.BusinessObjects.Windows.Test.Adverts.AdvertImageDataTransformerTest.DataAvailableWhenAllConditionsMet" executed="True" result="Success" success="True" time="0.000" asserts="1">
                                        <categories>
                                          <category name="Integration" />
                                        </categories>
                                      </test-case>
                                      <test-case name="AvisEurope.WebDev.Heracles.BusinessObjects.Windows.Test.Adverts.AdvertImageDataTransformerTest.DataNotAvailableAfterFirstHydrate" executed="True" result="Success" success="True" time="0.000" asserts="1">
                                        <categories>
                                          <category name="Integration" />
                                        </categories>
                                      </test-case>
                                      <test-case name="AvisEurope.WebDev.Heracles.BusinessObjects.Windows.Test.Adverts.AdvertImageDataTransformerTest.DataNotAvailableIfMissingTable" executed="True" result="Success" success="True" time="0.000" asserts="1">
                                        <categories>
                                          <category name="Integration" />
                                        </categories>
                                      </test-case>
                                      <test-case name="AvisEurope.WebDev.Heracles.BusinessObjects.Windows.Test.Adverts.AdvertImageDataTransformerTest.DataNotAvailableIfNoData" executed="True" result="Success" success="True" time="0.000" asserts="1">
                                        <categories>
                                          <category name="Integration" />
                                        </categories>
                                      </test-case>
                                      <test-case name="AvisEurope.WebDev.Heracles.BusinessObjects.Windows.Test.Adverts.AdvertImageDataTransformerTest.DataNotAvailableIfNoDataSet" executed="True" result="Success" success="True" time="0.000" asserts="1">
                                        <categories>
                                          <category name="Integration" />
                                        </categories>
                                      </test-case>
                                      <test-case name="AvisEurope.WebDev.Heracles.BusinessObjects.Windows.Test.Adverts.AdvertImageDataTransformerTest.DeletesData" executed="True" result="Success" success="True" time="0.000" asserts="3">
                                        <categories>
                                          <category name="Integration" />
                                        </categories>
                                      </test-case>
                                      <test-case name="AvisEurope.WebDev.Heracles.BusinessObjects.Windows.Test.Adverts.AdvertImageDataTransformerTest.ExceptionIfInstanceToDeleteIsNull" executed="True" result="Success" success="True" time="0.000" asserts="0">
                                        <categories>
                                          <category name="Integration" />
                                        </categories>
                                      </test-case>
                                      <test-case name="AvisEurope.WebDev.Heracles.BusinessObjects.Windows.Test.Adverts.AdvertImageDataTransformerTest.ExceptionIfInstanceToDeleteIsWrongType" executed="True" result="Success" success="True" time="0.000" asserts="0">
                                        <categories>
                                          <category name="Integration" />
                                        </categories>
                                      </test-case>
                                      <test-case name="AvisEurope.WebDev.Heracles.BusinessObjects.Windows.Test.Adverts.AdvertImageDataTransformerTest.ExceptionIfInstanceToInsertIsNull" executed="True" result="Success" success="True" time="0.000" asserts="0">
                                        <categories>
                                          <category name="Integration" />
                                        </categories>
                                      </test-case>
                                      <test-case name="AvisEurope.WebDev.Heracles.BusinessObjects.Windows.Test.Adverts.AdvertImageDataTransformerTest.ExceptionIfInstanceToInsertIsWrongType" executed="True" result="Success" success="True" time="0.000" asserts="0">
                                        <categories>
                                          <category name="Integration" />
                                        </categories>
                                      </test-case>
                                      <test-case name="AvisEurope.WebDev.Heracles.BusinessObjects.Windows.Test.Adverts.AdvertImageDataTransformerTest.ExceptionIfInstanceToUpdateIsNull" executed="True" result="Success" success="True" time="0.000" asserts="0">
                                        <categories>
                                          <category name="Integration" />
                                        </categories>
                                      </test-case>
                                      <test-case name="AvisEurope.WebDev.Heracles.BusinessObjects.Windows.Test.Adverts.AdvertImageDataTransformerTest.ExceptionIfInstanceToUpdateIsWrongType" executed="True" result="Success" success="True" time="0.000" asserts="0">
                                        <categories>
                                          <category name="Integration" />
                                        </categories>
                                      </test-case>
                                      <test-case name="AvisEurope.WebDev.Heracles.BusinessObjects.Windows.Test.Adverts.AdvertImageDataTransformerTest.ExceptionIfTransactionToDeleteIsNull" executed="True" result="Success" success="True" time="0.016" asserts="0">
                                        <categories>
                                          <category name="Integration" />
                                        </categories>
                                      </test-case>
                                      <test-case name="AvisEurope.WebDev.Heracles.BusinessObjects.Windows.Test.Adverts.AdvertImageDataTransformerTest.ExceptionIfTransactionToInsertIsNull" executed="True" result="Success" success="True" time="0.000" asserts="0">
                                        <categories>
                                          <category name="Integration" />
                                        </categories>
                                      </test-case>
                                      <test-case name="AvisEurope.WebDev.Heracles.BusinessObjects.Windows.Test.Adverts.AdvertImageDataTransformerTest.ExceptionIfTransactionToUpdateIsNull" executed="True" result="Success" success="True" time="0.000" asserts="0">
                                        <categories>
                                          <category name="Integration" />
                                        </categories>
                                      </test-case>
                                      <test-case name="AvisEurope.WebDev.Heracles.BusinessObjects.Windows.Test.Adverts.AdvertImageDataTransformerTest.ExceptionOnHydrateWhenInstanceNotAdvertImage" executed="True" result="Success" success="True" time="0.000" asserts="0">
                                        <categories>
                                          <category name="Integration" />
                                        </categories>
                                      </test-case>
                                      <test-case name="AvisEurope.WebDev.Heracles.BusinessObjects.Windows.Test.Adverts.AdvertImageDataTransformerTest.ExceptionOnHydrateWhenInstanceNull" executed="True" result="Success" success="True" time="0.000" asserts="0">
                                        <categories>
                                          <category name="Integration" />
                                        </categories>
                                      </test-case>
                                      <test-case name="AvisEurope.WebDev.Heracles.BusinessObjects.Windows.Test.Adverts.AdvertImageDataTransformerTest.ExceptionOnHydrateWhenNoDataAvailable" executed="True" result="Success" success="True" time="0.016" asserts="0">
                                        <categories>
                                          <category name="Integration" />
                                        </categories>
                                      </test-case>
                                      <test-case name="AvisEurope.WebDev.Heracles.BusinessObjects.Windows.Test.Adverts.AdvertImageDataTransformerTest.ExceptionOnHydrateWhenParentNotAnAdvert" executed="True" result="Success" success="True" time="0.000" asserts="0">
                                        <categories>
                                          <category name="Integration" />
                                        </categories>
                                      </test-case>
                                      <test-case name="AvisEurope.WebDev.Heracles.BusinessObjects.Windows.Test.Adverts.AdvertImageDataTransformerTest.ExceptionOnHydrateWhenParentNull" executed="True" result="Success" success="True" time="0.000" asserts="0">
                                        <categories>
                                          <category name="Integration" />
                                        </categories>
                                      </test-case>
                                      <test-case name="AvisEurope.WebDev.Heracles.BusinessObjects.Windows.Test.Adverts.AdvertImageDataTransformerTest.InsertsData" executed="True" result="Success" success="True" time="0.000" asserts="3">
                                        <categories>
                                          <category name="Integration" />
                                        </categories>
                                      </test-case>
                                      <test-case name="AvisEurope.WebDev.Heracles.BusinessObjects.Windows.Test.Adverts.AdvertImageDataTransformerTest.IsSerializable" executed="True" result="Success" success="True" time="0.016" asserts="1">
                                        <categories>
                                          <category name="Integration" />
                                        </categories>
                                      </test-case>
                                      <test-case name="AvisEurope.WebDev.Heracles.BusinessObjects.Windows.Test.Adverts.AdvertImageDataTransformerTest.PopulatesAdvertImage" executed="True" result="Success" success="True" time="0.000" asserts="1">
                                        <categories>
                                          <category name="Integration" />
                                        </categories>
                                      </test-case>
                                      <test-case name="AvisEurope.WebDev.Heracles.BusinessObjects.Windows.Test.Adverts.AdvertImageDataTransformerTest.SupportsIDataLoader" executed="True" result="Success" success="True" time="0.000" asserts="1">
                                        <categories>
                                          <category name="Integration" />
                                        </categories>
                                      </test-case>
                                      <test-case name="AvisEurope.WebDev.Heracles.BusinessObjects.Windows.Test.Adverts.AdvertImageDataTransformerTest.SupportsIDataSaver" executed="True" result="Success" success="True" time="0.000" asserts="1">
                                        <categories>
                                          <category name="Integration" />
                                        </categories>
                                      </test-case>
                                      <test-case name="AvisEurope.WebDev.Heracles.BusinessObjects.Windows.Test.Adverts.AdvertImageDataTransformerTest.UpdatesData" executed="True" result="Success" success="True" time="0.016" asserts="3">
                                        <categories>
                                          <category name="Integration" />
                                        </categories>
                                      </test-case>
                                    </results>
                                  </test-suite>
                                  <test-suite type="TestFixture" name="AdvertImageTest" executed="True" result="Success" success="True" time="0.094" asserts="4">
                                    <results>
                                      <test-case name="AvisEurope.WebDev.Heracles.BusinessObjects.Windows.Test.Adverts.AdvertImageTest.AltTextCannotBeBlank" executed="True" result="Success" success="True" time="0.000" asserts="1">
                                        <categories>
                                          <category name="Integration" />
                                        </categories>
                                      </test-case>
                                      <test-case name="AvisEurope.WebDev.Heracles.BusinessObjects.Windows.Test.Adverts.AdvertImageTest.ChangingAltTextMarksDirty" executed="True" result="Success" success="True" time="0.000" asserts="3">
                                        <categories>
                                          <category name="Integration" />
                                        </categories>
                                      </test-case>
                                      <test-case name="AvisEurope.WebDev.Heracles.BusinessObjects.Windows.Test.Adverts.AdvertImageTest.ChangingDestinationUrlMarksDirty" executed="True" result="Success" success="True" time="0.000" asserts="3">
                                        <categories>
                                          <category name="Integration" />
                                        </categories>
                                      </test-case>
                                      <test-case name="AvisEurope.WebDev.Heracles.BusinessObjects.Windows.Test.Adverts.AdvertImageTest.ChangingFilenameForLargeSizeMarksDirty" executed="True" result="Success" success="True" time="0.000" asserts="3">
                                        <categories>
                                          <category name="Integration" />
                                        </categories>
                                      </test-case>
                                      <test-case name="AvisEurope.WebDev.Heracles.BusinessObjects.Windows.Test.Adverts.AdvertImageTest.ChangingFilenameForStandardSizeMarksDirty" executed="True" result="Success" success="True" time="0.000" asserts="3">
                                        <categories>
                                          <category name="Integration" />
                                        </categories>
                                      </test-case>
                                      <test-case name="AvisEurope.WebDev.Heracles.BusinessObjects.Windows.Test.Adverts.AdvertImageTest.ChangingHoverTextMarksDirty" executed="True" result="Success" success="True" time="0.000" asserts="3">
                                        <categories>
                                          <category name="Integration" />
                                        </categories>
                                      </test-case>
                                      <test-case name="AvisEurope.WebDev.Heracles.BusinessObjects.Windows.Test.Adverts.AdvertImageTest.ChangingIsDefaultMarksDirty" executed="True" result="Success" success="True" time="0.000" asserts="3">
                                        <categories>
                                          <category name="Integration" />
                                        </categories>
                                      </test-case>
                                      <test-case name="AvisEurope.WebDev.Heracles.BusinessObjects.Windows.Test.Adverts.AdvertImageTest.ContainsAdvertId" executed="True" result="Success" success="True" time="0.000" asserts="1">
                                        <categories>
                                          <category name="Integration" />
                                        </categories>
                                      </test-case>
                                      <test-case name="AvisEurope.WebDev.Heracles.BusinessObjects.Windows.Test.Adverts.AdvertImageTest.ContainsAltText" executed="True" result="Success" success="True" time="0.000" asserts="2">
                                        <categories>
                                          <category name="Integration" />
                                        </categories>
                                      </test-case>
                                      <test-case name="AvisEurope.WebDev.Heracles.BusinessObjects.Windows.Test.Adverts.AdvertImageTest.ContainsDestinationUrl" executed="True" result="Success" success="True" time="0.000" asserts="2">
                                        <categories>
                                          <category name="Integration" />
                                        </categories>
                                      </test-case>
                                      <test-case name="AvisEurope.WebDev.Heracles.BusinessObjects.Windows.Test.Adverts.AdvertImageTest.ContainsFilenameForLargeSize" executed="True" result="Success" success="True" time="0.000" asserts="2">
                                        <categories>
                                          <category name="Integration" />
                                        </categories>
                                      </test-case>
                                      <test-case name="AvisEurope.WebDev.Heracles.BusinessObjects.Windows.Test.Adverts.AdvertImageTest.ContainsFilenameForStandardSize" executed="True" result="Success" success="True" time="0.000" asserts="2">
                                        <categories>
                                          <category name="Integration" />
                                        </categories>
                                      </test-case>
                                      <test-case name="AvisEurope.WebDev.Heracles.BusinessObjects.Windows.Test.Adverts.AdvertImageTest.ContainsHoverText" executed="True" result="Success" success="True" time="0.000" asserts="2">
                                        <categories>
                                          <category name="Integration" />
                                        </categories>
                                      </test-case>
                                      <test-case name="AvisEurope.WebDev.Heracles.BusinessObjects.Windows.Test.Adverts.AdvertImageTest.ContainsImageId" executed="True" result="Success" success="True" time="0.000" asserts="1">
                                        <categories>
                                          <category name="Integration" />
                                        </categories>
                                      </test-case>
                                      <test-case name="AvisEurope.WebDev.Heracles.BusinessObjects.Windows.Test.Adverts.AdvertImageTest.ContainsIsDefault" executed="True" result="Success" success="True" time="0.000" asserts="2">
                                        <categories>
                                          <category name="Integration" />
                                        </categories>
                                      </test-case>
                                      <test-case name="AvisEurope.WebDev.Heracles.BusinessObjects.Windows.Test.Adverts.AdvertImageTest.ContainsLanguageId" executed="True" result="Success" success="True" time="0.000" asserts="1">
                                        <categories>
                                          <category name="Integration" />
                                        </categories>
                                      </test-case>
                                      <test-case name="AvisEurope.WebDev.Heracles.BusinessObjects.Windows.Test.Adverts.AdvertImageTest.DataPortalCompliant" executed="True" result="Success" success="True" time="0.000" asserts="1">
                                        <categories>
                                          <category name="Integration" />
                                        </categories>
                                      </test-case>
                                      <test-case name="AvisEurope.WebDev.Heracles.BusinessObjects.Windows.Test.Adverts.AdvertImageTest.FilenameForLargeSizeCannotBeBlank" executed="True" result="Success" success="True" time="0.000" asserts="1">
                                        <categories>
                                          <category name="Integration" />
                                        </categories>
                                      </test-case>
                                      <test-case name="AvisEurope.WebDev.Heracles.BusinessObjects.Windows.Test.Adverts.AdvertImageTest.FilenameForStandardSizeCannotBeBlank" executed="True" result="Success" success="True" time="0.000" asserts="1">
                                        <categories>
                                          <category name="Integration" />
                                        </categories>
                                      </test-case>
                                      <test-case name="AvisEurope.WebDev.Heracles.BusinessObjects.Windows.Test.Adverts.AdvertImageTest.HoverTextCannotBeBlank" executed="True" result="Success" success="True" time="0.000" asserts="1">
                                        <categories>
                                          <category name="Integration" />
                                        </categories>
                                      </test-case>
                                      <test-case name="AvisEurope.WebDev.Heracles.BusinessObjects.Windows.Test.Adverts.AdvertImageTest.ImageIdCanBeNull" executed="True" result="Success" success="True" time="0.000" asserts="1">
                                        <categories>
                                          <category name="Integration" />
                                        </categories>
                                      </test-case>
                                      <test-case name="AvisEurope.WebDev.Heracles.BusinessObjects.Windows.Test.Adverts.AdvertImageTest.LargeImageIsNullWhenNotFound" executed="True" result="Success" success="True" time="0.000" asserts="1">
                                        <categories>
                                          <category name="Integration" />
                                        </categories>
                                      </test-case>
                                      <test-case name="AvisEurope.WebDev.Heracles.BusinessObjects.Windows.Test.Adverts.AdvertImageTest.LoadsTheLargeImage" executed="True" result="Success" success="True" time="0.047" asserts="4285">
                                        <categories>
                                          <category name="Integration" />
                                        </categories>
                                      </test-case>
                                      <test-case name="AvisEurope.WebDev.Heracles.BusinessObjects.Windows.Test.Adverts.AdvertImageTest.LoadsTheStandardImage" executed="True" result="Success" success="True" time="0.016" asserts="2305">
                                        <categories>
                                          <category name="Integration" />
                                        </categories>
                                      </test-case>
                                      <test-case name="AvisEurope.WebDev.Heracles.BusinessObjects.Windows.Test.Adverts.AdvertImageTest.StandardImageIsNullWhenNotFound" executed="True" result="Success" success="True" time="0.000" asserts="1">
                                        <categories>
                                          <category name="Integration" />
                                        </categories>
                                      </test-case>
                                    </results>
                                  </test-suite>
                                  <test-suite type="TestFixture" name="AdvertNavigationCollectionTest" executed="True" result="Success" success="True" time="0.000" asserts="0">
                                    <results>
                                      <test-case name="AvisEurope.WebDev.Heracles.BusinessObjects.Windows.Test.Adverts.AdvertNavigationCollectionTest.IsACollectionOfAdvertNavigations" executed="True" result="Success" success="True" time="0.000" asserts="1" />
                                      <test-case name="AvisEurope.WebDev.Heracles.BusinessObjects.Windows.Test.Adverts.AdvertNavigationCollectionTest.IsSerializable" executed="True" result="Success" success="True" time="0.000" asserts="1" />
                                    </results>
                                  </test-suite>
                                  <test-suite type="TestFixture" name="AdvertNavigationDataTransformerTest" executed="True" result="Success" success="True" time="0.188" asserts="0">
                                    <results>
                                      <test-case name="AvisEurope.WebDev.Heracles.BusinessObjects.Windows.Test.Adverts.AdvertNavigationDataTransformerTest.DeletesData" executed="True" result="Success" success="True" time="0.016" asserts="3">
                                        <categories>
                                          <category name="Integration" />
                                        </categories>
                                      </test-case>
                                      <test-case name="AvisEurope.WebDev.Heracles.BusinessObjects.Windows.Test.Adverts.AdvertNavigationDataTransformerTest.ExceptionIfInstanceToDeleteIsNull" executed="True" result="Success" success="True" time="0.000" asserts="0">
                                        <categories>
                                          <category name="Integration" />
                                        </categories>
                                      </test-case>
                                      <test-case name="AvisEurope.WebDev.Heracles.BusinessObjects.Windows.Test.Adverts.AdvertNavigationDataTransformerTest.ExceptionIfInstanceToDeleteIsWrongType" executed="True" result="Success" success="True" time="0.000" asserts="0">
                                        <categories>
                                          <category name="Integration" />
                                        </categories>
                                      </test-case>
                                      <test-case name="AvisEurope.WebDev.Heracles.BusinessObjects.Windows.Test.Adverts.AdvertNavigationDataTransformerTest.ExceptionIfInstanceToInsertIsNull" executed="True" result="Success" success="True" time="0.000" asserts="0">
[...]
                    </results>
                  </test-suite>
                  <test-suite type="TestFixture" name="WizardMemberFactoryTest" executed="True" result="Success" success="True" time="0.047" asserts="0">
                    <results>
                      <test-case name="Interfaces.CommerceEngine.Test.WizardMemberFactoryTest.RetrieveNoWizardMemberTest" executed="False" result="Ignored">
                        <categories>
                          <category name="Integration" />
                        </categories>
                        <reason>
                          <message><![CDATA[]]></message>
                        </reason>
                      </test-case>
                      <test-case name="Interfaces.CommerceEngine.Test.WizardMemberFactoryTest.RetrieveWizardMemberTest" executed="False" result="Ignored">
                        <categories>
                          <category name="Integration" />
                        </categories>
                        <reason>
                          <message><![CDATA[]]></message>
                        </reason>
                      </test-case>
                      <test-case name="Interfaces.CommerceEngine.Test.WizardMemberFactoryTest.RetrieveWizardMemberViaWizardGatewayDoesNotThrowExceptionForInvalidSurname" executed="False" result="Ignored">
                        <categories>
                          <category name="Integration" />
                        </categories>
                        <reason>
                          <message><![CDATA[]]></message>
                        </reason>
                      </test-case>
                      <test-case name="Interfaces.CommerceEngine.Test.WizardMemberFactoryTest.RetrieveWizardMemberWrongSurnameTest" executed="False" result="Ignored">
                        <categories>
                          <category name="Integration" />
                        </categories>
                        <reason>
                          <message><![CDATA[]]></message>
                        </reason>
                      </test-case>
                      <test-case name="Interfaces.CommerceEngine.Test.WizardMemberFactoryTest.SurnamesMatchTest" executed="True" result="Success" success="True" time="0.047" asserts="2">
                        <categories>
                          <category name="Integration" />
                        </categories>
                      </test-case>
                    </results>
                  </test-suite>
                </results>
              </test-suite>
            </results>
          </test-suite>
          <test-suite type="Namespace" name="Inquira" executed="True" result="Success" success="True" time="0.172" asserts="0">
            <results>
              <test-suite type="Namespace" name="Test" executed="True" result="Success" success="True" time="0.172" asserts="0">
                <results>
                  <test-suite type="TestFixture" name="LocationSearchResultTest" executed="True" result="Success" success="True" time="0.172" asserts="0">
                    <results>
                      <test-case name="Interfaces.Inquira.Test.LocationSearchResultTest.GetLocationSearchNoResultsTest" executed="True" result="Success" success="True" time="0.094" asserts="1">
                        <categories>
                          <category name="Integration" />
                        </categories>
                      </test-case>
                      <test-case name="Interfaces.Inquira.Test.LocationSearchResultTest.GetLocationSearchResultsTest" executed="True" result="Success" success="True" time="0.016" asserts="1">
                        <categories>
                          <category name="Integration" />
                        </categories>
                      </test-case>
                      <test-case name="Interfaces.Inquira.Test.LocationSearchResultTest.MatchPostCodeARTest" executed="True" result="Success" success="True" time="0.000" asserts="2">
                        <categories>
                          <category name="Integration" />
                        </categories>
                      </test-case>
                      <test-case name="Interfaces.Inquira.Test.LocationSearchResultTest.MatchPostCodeBNTest" executed="True" result="Success" success="True" time="0.000" asserts="2">
                        <categories>
                          <category name="Integration" />
                        </categories>
                      </test-case>
                      <test-case name="Interfaces.Inquira.Test.LocationSearchResultTest.MatchPostCodeCATest" executed="True" result="Success" success="True" time="0.000" asserts="2">
                        <categories>
                          <category name="Integration" />
                        </categories>
                      </test-case>
                      <test-case name="Interfaces.Inquira.Test.LocationSearchResultTest.MatchPostCodeGenericTest1" executed="True" result="Success" success="True" time="0.000" asserts="2">
                        <categories>
                          <category name="Integration" />
                        </categories>
                      </test-case>
                      <test-case name="Interfaces.Inquira.Test.LocationSearchResultTest.MatchPostCodeGenericTest2" executed="True" result="Success" success="True" time="0.000" asserts="2">
                        <categories>
                          <category name="Integration" />
                        </categories>
                      </test-case>
                      <test-case name="Interfaces.Inquira.Test.LocationSearchResultTest.MatchPostCodeMDTest" executed="True" result="Success" success="True" time="0.000" asserts="2">
                        <categories>
                          <category name="Integration" />
                        </categories>
                      </test-case>
                      <test-case name="Interfaces.Inquira.Test.LocationSearchResultTest.MatchPostCodeNLTest" executed="True" result="Success" success="True" time="0.016" asserts="2">
                        <categories>
                          <category name="Integration" />
                        </categories>
                      </test-case>
                      <test-case name="Interfaces.Inquira.Test.LocationSearchResultTest.MatchPostCodeNotAPostcodeTest1" executed="True" result="Success" success="True" time="0.000" asserts="2">
                        <categories>
                          <category name="Integration" />
                        </categories>
                      </test-case>
                      <test-case name="Interfaces.Inquira.Test.LocationSearchResultTest.MatchPostCodeNotAPostcodeTest2" executed="True" result="Success" success="True" time="0.000" asserts="2">
                        <categories>
                          <category name="Integration" />
                        </categories>
                      </test-case>
                      <test-case name="Interfaces.Inquira.Test.LocationSearchResultTest.MatchPostCodeNotAPostcodeTest3" executed="True" result="Success" success="True" time="0.000" asserts="2">
                        <categories>
                          <category name="Integration" />
                        </categories>
                      </test-case>
                      <test-case name="Interfaces.Inquira.Test.LocationSearchResultTest.MatchPostCodeNotAPostcodeTest4" executed="True" result="Success" success="True" time="0.000" asserts="2">
                        <categories>
                          <category name="Integration" />
                        </categories>
                      </test-case>
                      <test-case name="Interfaces.Inquira.Test.LocationSearchResultTest.MatchPostCodeNotAPostcodeTest5" executed="True" result="Success" success="True" time="0.000" asserts="2">
                        <categories>
                          <category name="Integration" />
                        </categories>
                      </test-case>
                      <test-case name="Interfaces.Inquira.Test.LocationSearchResultTest.MatchPostCodeNotAPostcodeTest6" executed="True" result="Success" success="True" time="0.000" asserts="2">
                        <categories>
                          <category name="Integration" />
                        </categories>
                      </test-case>
                      <test-case name="Interfaces.Inquira.Test.LocationSearchResultTest.MatchPostCodeNotAPostcodeTest7" executed="True" result="Success" success="True" time="0.016" asserts="2">
                        <categories>
                          <category name="Integration" />
                        </categories>
                      </test-case>
                      <test-case name="Interfaces.Inquira.Test.LocationSearchResultTest.MatchPostCodeNotAPostcodeTest8" executed="True" result="Success" success="True" time="0.000" asserts="2">
                        <categories>
                          <category name="Integration" />
                        </categories>
                      </test-case>
                      <test-case name="Interfaces.Inquira.Test.LocationSearchResultTest.MatchPostCodeNotAPostcodeTest9" executed="True" result="Success" success="True" time="0.000" asserts="2">
                        <categories>
                          <category name="Integration" />
                        </categories>
                      </test-case>
                      <test-case name="Interfaces.Inquira.Test.LocationSearchResultTest.MatchPostCodeUKTest1" executed="True" result="Success" success="True" time="0.000" asserts="2">
                        <categories>
                          <category name="Integration" />
                        </categories>
                      </test-case>
                      <test-case name="Interfaces.Inquira.Test.LocationSearchResultTest.MatchPostCodeUKTest2" executed="True" result="Success" success="True" time="0.000" asserts="2">
                        <categories>
                          <category name="Integration" />
                        </categories>
                      </test-case>
                      <test-case name="Interfaces.Inquira.Test.LocationSearchResultTest.MatchPostCodeUKTest3" executed="True" result="Success" success="True" time="0.000" asserts="2">
                        <categories>
                          <category name="Integration" />
                        </categories>
                      </test-case>
                    </results>
                  </test-suite>
                </results>
              </test-suite>
            </results>
          </test-suite>
          <test-suite type="Namespace" name="Wizard" executed="True" result="Success" success="True" time="0.047" asserts="0">
            <results>
              <test-suite type="Namespace" name="Test" executed="True" result="Success" success="True" time="0.047" asserts="0">
                <results>
                  <test-suite type="TestFixture" name="CDBFieldConstraintsTest" executed="True" result="Success" success="True" time="0.047" asserts="0">
                    <results>
                      <test-case name="Interfaces.Wizard.Test.CDBFieldConstraintsTest.AddressFieldsRegexTest" executed="True" result="Success" success="True" time="0.000" asserts="33" />
                      <test-case name="Interfaces.Wizard.Test.CDBFieldConstraintsTest.AddressLine1MaxLengthTest" executed="True" result="Success" success="True" time="0.000" asserts="1" />
                      <test-case name="Interfaces.Wizard.Test.CDBFieldConstraintsTest.AddressLine2MaxLengthTest" executed="True" result="Success" success="True" time="0.000" asserts="1" />
                      <test-case name="Interfaces.Wizard.Test.CDBFieldConstraintsTest.AddressLine3MaxLengthTest" executed="True" result="Success" success="True" time="0.000" asserts="1">
                        <categories>
                          <category name="Integration" />
                        </categories>
                      </test-case>
                      <test-case name="Interfaces.Wizard.Test.CDBFieldConstraintsTest.CityOfBirthMaxLengthTest" executed="True" result="Success" success="True" time="0.000" asserts="1" />
                      <test-case name="Interfaces.Wizard.Test.CDBFieldConstraintsTest.CompanyNameMaxLengthTest" executed="True" result="Success" success="True" time="0.000" asserts="1" />
                      <test-case name="Interfaces.Wizard.Test.CDBFieldConstraintsTest.DriverFirstNameMaxLengthTest" executed="True" result="Success" success="True" time="0.000" asserts="1" />
                      <test-case name="Interfaces.Wizard.Test.CDBFieldConstraintsTest.DriverFirstNameRegexTest" executed="True" result="Success" success="True" time="0.000" asserts="1" />
                      <test-case name="Interfaces.Wizard.Test.CDBFieldConstraintsTest.DriverLastNameMaxLengthTest" executed="True" result="Success" success="True" time="0.000" asserts="1" />
                      <test-case name="Interfaces.Wizard.Test.CDBFieldConstraintsTest.DriverLastNameRegexTest" executed="True" result="Success" success="True" time="0.016" asserts="1" />
                      <test-case name="Interfaces.Wizard.Test.CDBFieldConstraintsTest.DrivingLicenseNumberMaxLengthTest" executed="True" result="Success" success="True" time="0.000" asserts="1" />
                      <test-case name="Interfaces.Wizard.Test.CDBFieldConstraintsTest.DrivingLicenseNumberRegexTest" executed="True" result="Success" success="True" time="0.000" asserts="1" />
                      <test-case name="Interfaces.Wizard.Test.CDBFieldConstraintsTest.EmailAddressMaxLengthTest" executed="True" result="Success" success="True" time="0.000" asserts="1" />
                      <test-case name="Interfaces.Wizard.Test.CDBFieldConstraintsTest.FirstNameMaxLengthTest" executed="True" result="Success" success="True" time="0.000" asserts="1" />
                      <test-case name="Interfaces.Wizard.Test.CDBFieldConstraintsTest.FirstNameRegexTest" executed="True" result="Success" success="True" time="0.000" asserts="1" />
                      <test-case name="Interfaces.Wizard.Test.CDBFieldConstraintsTest.GetTruncatedStringTest" executed="True" result="Success" success="True" time="0.000" asserts="1" />
                      <test-case name="Interfaces.Wizard.Test.CDBFieldConstraintsTest.IsAddressLine3VisibleTest" executed="True" result="Success" success="True" time="0.000" asserts="1" />
                      <test-case name="Interfaces.Wizard.Test.CDBFieldConstraintsTest.IsCdbSafeAddressLine1LengthTest" executed="True" result="Success" success="True" time="0.000" asserts="3">
                        <categories>
                          <category name="Integration" />
                        </categories>
                      </test-case>
                      <test-case name="Interfaces.Wizard.Test.CDBFieldConstraintsTest.IsCdbSafeAddressLine1TestWithDiacritic" executed="True" result="Success" success="True" time="0.000" asserts="1">
                        <categories>
                          <category name="Integration" />
                        </categories>
                      </test-case>
                      <test-case name="Interfaces.Wizard.Test.CDBFieldConstraintsTest.IsCdbSafeAddressLine2LengthTest" executed="True" result="Success" success="True" time="0.000" asserts="3">
                        <categories>
                          <category name="Integration" />
                        </categories>
                      </test-case>
                      <test-case name="Interfaces.Wizard.Test.CDBFieldConstraintsTest.IsCdbSafeAddressLine3LengthTest" executed="True" result="Success" success="True" time="0.016" asserts="3">
                        <categories>
                          <category name="Integration" />
                        </categories>
                      </test-case>
                      <test-case name="Interfaces.Wizard.Test.CDBFieldConstraintsTest.IsCdbSafeCompanyNameLengthTest" executed="True" result="Success" success="True" time="0.000" asserts="3">
                        <categories>
                          <category name="Integration" />
                        </categories>
                      </test-case>
                      <test-case name="Interfaces.Wizard.Test.CDBFieldConstraintsTest.LastNameMaxLengthTest" executed="True" result="Success" success="True" time="0.000" asserts="1" />
                      <test-case name="Interfaces.Wizard.Test.CDBFieldConstraintsTest.PhoneNumberMaxLengthTest" executed="True" result="Success" success="True" time="0.000" asserts="1" />
                      <test-case name="Interfaces.Wizard.Test.CDBFieldConstraintsTest.PhoneNumberRegexTest" executed="True" result="Success" success="True" time="0.000" asserts="1" />
                      <test-case name="Interfaces.Wizard.Test.CDBFieldConstraintsTest.PostCodeMaxLengthTest" executed="True" result="Success" success="True" time="0.000" asserts="1" />
                      <test-case name="Interfaces.Wizard.Test.CDBFieldConstraintsTest.TitleMaxLengthTest" executed="True" result="Success" success="True" time="0.000" asserts="1" />
                      <test-case name="Interfaces.Wizard.Test.CDBFieldConstraintsTest.WizardNumberMaxLengthTest" executed="True" result="Success" success="True" time="0.000" asserts="1" />
                    </results>
                  </test-suite>
                  <test-suite type="TestFixture" name="ConverterTest" executed="True" result="Inconclusive" success="False" time="0.000" asserts="0">
                    <results>
                      <test-case name="Interfaces.Wizard.Test.ConverterTest.WizardTimeToUtcTest" executed="False" result="Ignored">
                        <categories>
                          <category name="Integration" />
                        </categories>
                        <reason>
                          <message><![CDATA[]]></message>
                        </reason>
                      </test-case>
                    </results>
                  </test-suite>
                </results>
              </test-suite>
            </results>
          </test-suite>
        </results>
      </test-suite>
      <test-suite type="Namespace" name="Logging" executed="True" result="Success" success="True" time="0.016" asserts="0">
        <results>
          <test-suite type="Namespace" name="Tests" executed="True" result="Success" success="True" time="0.016" asserts="0">
            <results>
              <test-suite type="TestFixture" name="MessageFormat" executed="True" result="Success" success="True" time="0.016" asserts="0">
                <results>
                  <test-case name="Logging.Tests.MessageFormat.MessageFormatsCorrectlyWithoutHttpContext" executed="True" result="Success" success="True" time="0.016" asserts="1" />
                </results>
              </test-suite>
            </results>
          </test-suite>
        </results>
      </test-suite>
      <test-suite type="Namespace" name="Web" executed="True" result="Inconclusive" success="False" time="0.000" asserts="0">
        <results>
          <test-suite type="Namespace" name="Test" executed="True" result="Inconclusive" success="False" time="0.000" asserts="0">
            <results>
              <test-suite type="TestFixture" name="SecurityManagerTests" executed="True" result="Inconclusive" success="False" time="0.000" asserts="0" />
              <test-suite type="TestFixture" name="UserHelperTests" executed="True" result="Inconclusive" success="False" time="0.000" asserts="0" />
            </results>
          </test-suite>
        </results>
      </test-suite>
    </results>
  </test-suite>
</test-results>